<?xml version="1.0" encoding="UTF-8"?>
<!-- Generated by org.testng.reporters.JUnitReportReporter -->
<testsuite hostname="DESKTOP-MEJJV2H" failures="0" tests="1" name="com.facebook.Testcases.VerifyValidLogin" time="7.371" errors="0" timestamp="2021-06-05T22:03:29 IST" skipped="0">
  <testcase classname="com.facebook.Testcases.VerifyValidLogin" name="checkValidUser" time="7.371"/>
</testsuite> <!-- com.facebook.Testcases.VerifyValidLogin -->
